This is pdfTeX, Version 3.141592653-2.6-1.40.25 (MiKTeX 23.12) (preloaded format=pdflatex 2024.1.28)  11 FEB 2024 16:49
entering extended mode
 restricted \write18 enabled.
 %&-line parsing enabled.
**./Main.tex
(Main.tex
LaTeX2e <2023-11-01>
L3 programming layer <2024-01-04>

(C:\Users\legoj\AppData\Local\Programs\MiKTeX\tex/latex/elsarticle\elsarticle.c
ls
Document Class: elsarticle 2020/11/20, 3.3: Elsevier Ltd
(C:\Users\legoj\AppData\Local\Programs\MiKTeX\tex/latex/l3kernel\expl3.sty
Package: expl3 2024-01-04 L3 programming layer (loader) 

(C:\Users\legoj\AppData\Local\Programs\MiKTeX\tex/latex/l3backend\l3backend-pdf
tex.def
File: l3backend-pdftex.def 2024-01-04 L3 backend support: PDF output (pdfTeX)
\l__color_backend_stack_int=\count187
\l__pdf_internal_box=\box51
))
(C:\Users\legoj\AppData\Local\Programs\MiKTeX\tex/latex/l3packages/xparse\xpars
e.sty
Package: xparse 2023-10-10 L3 Experimental document command parser
)
(C:\Users\legoj\AppData\Local\Programs\MiKTeX\tex/latex/etoolbox\etoolbox.sty
Package: etoolbox 2020/10/05 v2.5k e-TeX tools for LaTeX (JAW)
\etb@tempcnta=\count188
)
\@bls=\dimen140

(C:\Users\legoj\AppData\Local\Programs\MiKTeX\tex/latex/base\article.cls
Document Class: article 2023/05/17 v1.4n Standard LaTeX document class
(C:\Users\legoj\AppData\Local\Programs\MiKTeX\tex/latex/base\size12.clo
File: size12.clo 2023/05/17 v1.4n Standard LaTeX file (size option)
)
\c@part=\count189
\c@section=\count190
\c@subsection=\count191
\c@subsubsection=\count192
\c@paragraph=\count193
\c@subparagraph=\count194
\c@figure=\count195
\c@table=\count196
\abovecaptionskip=\skip48
\belowcaptionskip=\skip49
\bibindent=\dimen141
)
(C:\Users\legoj\AppData\Local\Programs\MiKTeX\tex/latex/graphics\graphicx.sty
Package: graphicx 2021/09/16 v1.2d Enhanced LaTeX Graphics (DPC,SPQR)

(C:\Users\legoj\AppData\Local\Programs\MiKTeX\tex/latex/graphics\keyval.sty
Package: keyval 2022/05/29 v1.15 key=value parser (DPC)
\KV@toks@=\toks17
)
(C:\Users\legoj\AppData\Local\Programs\MiKTeX\tex/latex/graphics\graphics.sty
Package: graphics 2022/03/10 v1.4e Standard LaTeX Graphics (DPC,SPQR)

(C:\Users\legoj\AppData\Local\Programs\MiKTeX\tex/latex/graphics\trig.sty
Package: trig 2021/08/11 v1.11 sin cos tan (DPC)
)
(C:\Users\legoj\AppData\Local\Programs\MiKTeX\tex/latex/graphics-cfg\graphics.c
fg
File: graphics.cfg 2016/06/04 v1.11 sample graphics configuration
)
Package graphics Info: Driver file: pdftex.def on input line 107.

(C:\Users\legoj\AppData\Local\Programs\MiKTeX\tex/latex/graphics-def\pdftex.def
File: pdftex.def 2022/09/22 v1.2b Graphics/color driver for pdftex
))
\Gin@req@height=\dimen142
\Gin@req@width=\dimen143
)
\c@tnote=\count197
\c@fnote=\count198
\c@cnote=\count199
\c@ead=\count266
\c@author=\count267
\@eadauthor=\toks18
\c@affn=\count268
\absbox=\box52
\elsarticlehighlightsbox=\box53
\elsarticlegrabsbox=\box54
\keybox=\box55
\Columnwidth=\dimen144
\space@left=\dimen145
\els@boxa=\box56
\els@boxb=\box57
\leftMargin=\dimen146
\@enLab=\toks19
\@sep=\skip50
\@@sep=\skip51
 (Main.spl)
(C:\Users\legoj\AppData\Local\Programs\MiKTeX\tex/latex/natbib\natbib.sty
Package: natbib 2010/09/13 8.31b (PWD, AO)
\bibhang=\skip52
\bibsep=\skip53
LaTeX Info: Redefining \cite on input line 694.
\c@NAT@ctr=\count269
)
\splwrite=\write3
\openout3 = `Main.spl'.

\appnamewidth=\dimen147
)
(C:\Users\legoj\AppData\Local\Programs\MiKTeX\tex/latex/geometry\geometry.sty
Package: geometry 2020/01/02 v5.9 Page Geometry

(C:\Users\legoj\AppData\Local\Programs\MiKTeX\tex/generic/iftex\ifvtex.sty
Package: ifvtex 2019/10/25 v1.7 ifvtex legacy package. Use iftex instead.

(C:\Users\legoj\AppData\Local\Programs\MiKTeX\tex/generic/iftex\iftex.sty
Package: iftex 2022/02/03 v1.0f TeX engine tests
))
\Gm@cnth=\count270
\Gm@cntv=\count271
\c@Gm@tempcnt=\count272
\Gm@bindingoffset=\dimen148
\Gm@wd@mp=\dimen149
\Gm@odd@mp=\dimen150
\Gm@even@mp=\dimen151
\Gm@layoutwidth=\dimen152
\Gm@layoutheight=\dimen153
\Gm@layouthoffset=\dimen154
\Gm@layoutvoffset=\dimen155
\Gm@dimlist=\toks20

(C:\Users\legoj\AppData\Local\Programs\MiKTeX\tex/latex/geometry\geometry.cfg))
(C:\Users\legoj\AppData\Local\Programs\MiKTeX\tex/latex/amsmath\amsmath.sty
Package: amsmath 2023/05/13 v2.17o AMS math features
\@mathmargin=\skip54

For additional information on amsmath, use the `?' option.
(C:\Users\legoj\AppData\Local\Programs\MiKTeX\tex/latex/amsmath\amstext.sty
Package: amstext 2021/08/26 v2.01 AMS text

(C:\Users\legoj\AppData\Local\Programs\MiKTeX\tex/latex/amsmath\amsgen.sty
File: amsgen.sty 1999/11/30 v2.0 generic functions
\@emptytoks=\toks21
\ex@=\dimen156
))
(C:\Users\legoj\AppData\Local\Programs\MiKTeX\tex/latex/amsmath\amsbsy.sty
Package: amsbsy 1999/11/29 v1.2d Bold Symbols
\pmbraise@=\dimen157
)
(C:\Users\legoj\AppData\Local\Programs\MiKTeX\tex/latex/amsmath\amsopn.sty
Package: amsopn 2022/04/08 v2.04 operator names
)
\inf@bad=\count273
LaTeX Info: Redefining \frac on input line 234.
\uproot@=\count274
\leftroot@=\count275
LaTeX Info: Redefining \overline on input line 399.
LaTeX Info: Redefining \colon on input line 410.
\classnum@=\count276
\DOTSCASE@=\count277
LaTeX Info: Redefining \ldots on input line 496.
LaTeX Info: Redefining \dots on input line 499.
LaTeX Info: Redefining \cdots on input line 620.
\Mathstrutbox@=\box58
\strutbox@=\box59
LaTeX Info: Redefining \big on input line 722.
LaTeX Info: Redefining \Big on input line 723.
LaTeX Info: Redefining \bigg on input line 724.
LaTeX Info: Redefining \Bigg on input line 725.
\big@size=\dimen158
LaTeX Font Info:    Redeclaring font encoding OML on input line 743.
LaTeX Font Info:    Redeclaring font encoding OMS on input line 744.
\macc@depth=\count278
LaTeX Info: Redefining \bmod on input line 905.
LaTeX Info: Redefining \pmod on input line 910.
LaTeX Info: Redefining \smash on input line 940.
LaTeX Info: Redefining \relbar on input line 970.
LaTeX Info: Redefining \Relbar on input line 971.
\c@MaxMatrixCols=\count279
\dotsspace@=\muskip16
\c@parentequation=\count280
\dspbrk@lvl=\count281
\tag@help=\toks22
\row@=\count282
\column@=\count283
\maxfields@=\count284
\andhelp@=\toks23
\eqnshift@=\dimen159
\alignsep@=\dimen160
\tagshift@=\dimen161
\tagwidth@=\dimen162
\totwidth@=\dimen163
\lineht@=\dimen164
\@envbody=\toks24
\multlinegap=\skip55
\multlinetaggap=\skip56
\mathdisplay@stack=\toks25
LaTeX Info: Redefining \[ on input line 2953.
LaTeX Info: Redefining \] on input line 2954.
)
(C:\Users\legoj\AppData\Local\Programs\MiKTeX\tex/latex/amscls\amsthm.sty
Package: amsthm 2020/05/29 v2.20.6
\thm@style=\toks26
\thm@bodyfont=\toks27
\thm@headfont=\toks28
\thm@notefont=\toks29
\thm@headpunct=\toks30
\thm@preskip=\skip57
\thm@postskip=\skip58
\thm@headsep=\skip59
\dth@everypar=\toks31
LaTeX Info: Redefining \qed on input line 273.
)
(C:\Users\legoj\AppData\Local\Programs\MiKTeX\tex/latex/amsfonts\amssymb.sty
Package: amssymb 2013/01/14 v3.01 AMS font symbols

(C:\Users\legoj\AppData\Local\Programs\MiKTeX\tex/latex/amsfonts\amsfonts.sty
Package: amsfonts 2013/01/14 v3.01 Basic AMSFonts support
\symAMSa=\mathgroup4
\symAMSb=\mathgroup5
LaTeX Font Info:    Redeclaring math symbol \hbar on input line 98.
LaTeX Font Info:    Overwriting math alphabet `\mathfrak' in version `bold'
(Font)                  U/euf/m/n --> U/euf/b/n on input line 106.
)) (C:\Users\legoj\AppData\Local\Programs\MiKTeX\tex/latex/fancyhdr\fancyhdr.st
y
Package: fancyhdr 2022/11/09 v4.1 Extensive control of page headers and footers

\f@nch@headwidth=\skip60
\f@nch@O@elh=\skip61
\f@nch@O@erh=\skip62
\f@nch@O@olh=\skip63
\f@nch@O@orh=\skip64
\f@nch@O@elf=\skip65
\f@nch@O@erf=\skip66
\f@nch@O@olf=\skip67
\f@nch@O@orf=\skip68
) (C:\Users\legoj\AppData\Local\Programs\MiKTeX\tex/latex/graphics\color.sty
Package: color 2022/01/06 v1.3d Standard LaTeX Color (DPC)

(C:\Users\legoj\AppData\Local\Programs\MiKTeX\tex/latex/graphics-cfg\color.cfg
File: color.cfg 2016/01/02 v1.6 sample color configuration
)
Package color Info: Driver file: pdftex.def on input line 149.
(C:\Users\legoj\AppData\Local\Programs\MiKTeX\tex/latex/graphics\mathcolor.ltx)
) (C:\Users\legoj\AppData\Local\Programs\MiKTeX\tex/latex/comment\comment.sty
\CommentStream=\write4

Excluding comment 'comment')
(C:\Users\legoj\AppData\Local\Programs\MiKTeX\tex/latex/environ\environ.sty
Package: environ 2014/05/04 v0.3 A new way to define environments

(C:\Users\legoj\AppData\Local\Programs\MiKTeX\tex/latex/trimspaces\trimspaces.s
ty
Package: trimspaces 2009/09/17 v1.1 Trim spaces around a token list
)) (C:\Users\legoj\AppData\Local\Programs\MiKTeX\tex/latex/xcolor\xcolor.sty
Package: xcolor 2023/11/15 v3.01 LaTeX color extensions (UK)

(C:\Users\legoj\AppData\Local\Programs\MiKTeX\tex/latex/graphics-cfg\color.cfg
File: color.cfg 2016/01/02 v1.6 sample color configuration
)
Package xcolor Info: Driver file: pdftex.def on input line 274.
LaTeX Info: Redefining \color on input line 758.
(C:\Users\legoj\AppData\Local\Programs\MiKTeX\tex/latex/graphics\mathcolor.ltx)
Package xcolor Info: Model `cmy' substituted by `cmy0' on input line 1350.
Package xcolor Info: Model `hsb' substituted by `rgb' on input line 1354.
Package xcolor Info: Model `RGB' extended on input line 1366.
Package xcolor Info: Model `HTML' substituted by `rgb' on input line 1368.
Package xcolor Info: Model `Hsb' substituted by `hsb' on input line 1369.
Package xcolor Info: Model `tHsb' substituted by `hsb' on input line 1370.
Package xcolor Info: Model `HSB' substituted by `hsb' on input line 1371.
Package xcolor Info: Model `Gray' substituted by `gray' on input line 1372.
Package xcolor Info: Model `wave' substituted by `hsb' on input line 1373.
) (C:\Users\legoj\AppData\Local\Programs\MiKTeX\tex/latex/mdframed\mdframed.sty
Package: mdframed 2013/07/01 1.9b: mdframed

(C:\Users\legoj\AppData\Local\Programs\MiKTeX\tex/latex/kvoptions\kvoptions.sty
Package: kvoptions 2022-06-15 v3.15 Key value format for package options (HO)
(C:\Users\legoj\AppData\Local\Programs\MiKTeX\tex/generic/ltxcmds\ltxcmds.sty
Package: ltxcmds 2023-12-04 v1.26 LaTeX kernel commands for general use (HO)
)
(C:\Users\legoj\AppData\Local\Programs\MiKTeX\tex/latex/kvsetkeys\kvsetkeys.sty
Package: kvsetkeys 2022-10-05 v1.19 Key value parser (HO)
))
(C:\Users\legoj\AppData\Local\Programs\MiKTeX\tex/latex/zref\zref-abspage.sty
Package: zref-abspage 2023-09-14 v2.35 Module abspage for zref (HO)

(C:\Users\legoj\AppData\Local\Programs\MiKTeX\tex/latex/zref\zref-base.sty
Package: zref-base 2023-09-14 v2.35 Module base for zref (HO)

(C:\Users\legoj\AppData\Local\Programs\MiKTeX\tex/generic/infwarerr\infwarerr.s
ty
Package: infwarerr 2019/12/03 v1.5 Providing info/warning/error messages (HO)
)
(C:\Users\legoj\AppData\Local\Programs\MiKTeX\tex/generic/kvdefinekeys\kvdefine
keys.sty
Package: kvdefinekeys 2019-12-19 v1.6 Define keys (HO)
)
(C:\Users\legoj\AppData\Local\Programs\MiKTeX\tex/generic/pdftexcmds\pdftexcmds
.sty
Package: pdftexcmds 2020-06-27 v0.33 Utility functions of pdfTeX for LuaTeX (HO
)
Package pdftexcmds Info: \pdf@primitive is available.
Package pdftexcmds Info: \pdf@ifprimitive is available.
Package pdftexcmds Info: \pdfdraftmode found.
)
(C:\Users\legoj\AppData\Local\Programs\MiKTeX\tex/generic/etexcmds\etexcmds.sty
Package: etexcmds 2019/12/15 v1.7 Avoid name clashes with e-TeX commands (HO)
) (C:\Users\legoj\AppData\Local\Programs\MiKTeX\tex/latex/auxhook\auxhook.sty
Package: auxhook 2019-12-17 v1.6 Hooks for auxiliary files (HO)
)
Package zref Info: New property list: main on input line 767.
Package zref Info: New property: default on input line 768.
Package zref Info: New property: page on input line 769.
)
\c@abspage=\count285
Package zref Info: New property: abspage on input line 67.
)
(C:\Users\legoj\AppData\Local\Programs\MiKTeX\tex/latex/needspace\needspace.sty
Package: needspace 2010/09/12 v1.3d reserve vertical space
)
\mdf@templength=\skip69
\c@mdf@globalstyle@cnt=\count286
\mdf@skipabove@length=\skip70
\mdf@skipbelow@length=\skip71
\mdf@leftmargin@length=\skip72
\mdf@rightmargin@length=\skip73
\mdf@innerleftmargin@length=\skip74
\mdf@innerrightmargin@length=\skip75
\mdf@innertopmargin@length=\skip76
\mdf@innerbottommargin@length=\skip77
\mdf@splittopskip@length=\skip78
\mdf@splitbottomskip@length=\skip79
\mdf@outermargin@length=\skip80
\mdf@innermargin@length=\skip81
\mdf@linewidth@length=\skip82
\mdf@innerlinewidth@length=\skip83
\mdf@middlelinewidth@length=\skip84
\mdf@outerlinewidth@length=\skip85
\mdf@roundcorner@length=\skip86
\mdf@footenotedistance@length=\skip87
\mdf@userdefinedwidth@length=\skip88
\mdf@needspace@length=\skip89
\mdf@frametitleaboveskip@length=\skip90
\mdf@frametitlebelowskip@length=\skip91
\mdf@frametitlerulewidth@length=\skip92
\mdf@frametitleleftmargin@length=\skip93
\mdf@frametitlerightmargin@length=\skip94
\mdf@shadowsize@length=\skip95
\mdf@extratopheight@length=\skip96
\mdf@subtitleabovelinewidth@length=\skip97
\mdf@subtitlebelowlinewidth@length=\skip98
\mdf@subtitleaboveskip@length=\skip99
\mdf@subtitlebelowskip@length=\skip100
\mdf@subtitleinneraboveskip@length=\skip101
\mdf@subtitleinnerbelowskip@length=\skip102
\mdf@subsubtitleabovelinewidth@length=\skip103
\mdf@subsubtitlebelowlinewidth@length=\skip104
\mdf@subsubtitleaboveskip@length=\skip105
\mdf@subsubtitlebelowskip@length=\skip106
\mdf@subsubtitleinneraboveskip@length=\skip107
\mdf@subsubtitleinnerbelowskip@length=\skip108

(C:\Users\legoj\AppData\Local\Programs\MiKTeX\tex/latex/mdframed\md-frame-0.mdf
File: md-frame-0.mdf 2013/07/01\ 1.9b: md-frame-0
)
\mdf@frametitlebox=\box60
\mdf@footnotebox=\box61
\mdf@splitbox@one=\box62
\mdf@splitbox@two=\box63
\mdf@splitbox@save=\box64
\mdfsplitboxwidth=\skip109
\mdfsplitboxtotalwidth=\skip110
\mdfsplitboxheight=\skip111
\mdfsplitboxdepth=\skip112
\mdfsplitboxtotalheight=\skip113
\mdfframetitleboxwidth=\skip114
\mdfframetitleboxtotalwidth=\skip115
\mdfframetitleboxheight=\skip116
\mdfframetitleboxdepth=\skip117
\mdfframetitleboxtotalheight=\skip118
\mdffootnoteboxwidth=\skip119
\mdffootnoteboxtotalwidth=\skip120
\mdffootnoteboxheight=\skip121
\mdffootnoteboxdepth=\skip122
\mdffootnoteboxtotalheight=\skip123
\mdftotallinewidth=\skip124
\mdfboundingboxwidth=\skip125
\mdfboundingboxtotalwidth=\skip126
\mdfboundingboxheight=\skip127
\mdfboundingboxdepth=\skip128
\mdfboundingboxtotalheight=\skip129
\mdf@freevspace@length=\skip130
\mdf@horizontalwidthofbox@length=\skip131
\mdf@verticalmarginwhole@length=\skip132
\mdf@horizontalspaceofbox=\skip133
\mdfsubtitleheight=\skip134
\mdfsubsubtitleheight=\skip135
\c@mdfcountframes=\count287

****** mdframed patching \endmdf@trivlist

****** -- success******

\mdf@envdepth=\count288
\c@mdf@env@i=\count289
\c@mdf@env@ii=\count290
\c@mdf@zref@counter=\count291
Package zref Info: New property: mdf@pagevalue on input line 895.
) (C:\Users\legoj\AppData\Local\Programs\MiKTeX\tex/latex/svg\svg.sty
Package: svg 2020/11/26 v2.02k (include SVG pictures)

(C:\Users\legoj\AppData\Local\Programs\MiKTeX\tex/latex/koma-script\scrbase.sty
Package: scrbase 2023/07/07 v3.41 KOMA-Script package (KOMA-Script-independent 
basics and keyval usage)

(C:\Users\legoj\AppData\Local\Programs\MiKTeX\tex/latex/koma-script\scrlfile.st
y
Package: scrlfile 2023/07/07 v3.41 KOMA-Script package (file load hooks)

(C:\Users\legoj\AppData\Local\Programs\MiKTeX\tex/latex/koma-script\scrlfile-ho
ok.sty
Package: scrlfile-hook 2023/07/07 v3.41 KOMA-Script package (using LaTeX hooks)


(C:\Users\legoj\AppData\Local\Programs\MiKTeX\tex/latex/koma-script\scrlogo.sty
Package: scrlogo 2023/07/07 v3.41 KOMA-Script package (logo)
)))
Applying: [2021/05/01] Usage of raw or classic option list on input line 252.
Already applied: [0000/00/00] Usage of raw or classic option list on input line
 368.
) (C:\Users\legoj\AppData\Local\Programs\MiKTeX\tex/latex/tools\shellesc.sty
Package: shellesc 2023/07/08 v1.0d unified shell escape interface for LaTeX
Package shellesc Info: Restricted shell escape enabled on input line 77.
)
\c@svg@param@lastpage=\count292
\svg@box=\box65
\c@svg@param@currpage=\count293
)
(C:\Users\legoj\AppData\Local\Programs\MiKTeX\tex/latex/transparent\transparent
.sty
Package: transparent 2022-10-27 v1.5 Transparency with color stacks

(C:\Users\legoj\AppData\Local\Programs\MiKTeX\tex/latex/transparent\transparent
-nometadata.sty
Package: transparent-nometadata 2022-10-27 v1.5 Transparency via pdfTeX's color
 stack (HO)
))
(C:\Users\legoj\AppData\Local\Programs\MiKTeX\tex/latex/pgf/systemlayer\pgfsys.
sty
(C:\Users\legoj\AppData\Local\Programs\MiKTeX\tex/latex/pgf/utilities\pgfrcs.st
y
(C:\Users\legoj\AppData\Local\Programs\MiKTeX\tex/generic/pgf/utilities\pgfutil
-common.tex
\pgfutil@everybye=\toks32
\pgfutil@tempdima=\dimen165
\pgfutil@tempdimb=\dimen166
)
(C:\Users\legoj\AppData\Local\Programs\MiKTeX\tex/generic/pgf/utilities\pgfutil
-latex.def
\pgfutil@abb=\box66
)
(C:\Users\legoj\AppData\Local\Programs\MiKTeX\tex/generic/pgf/utilities\pgfrcs.
code.tex
(C:\Users\legoj\AppData\Local\Programs\MiKTeX\tex/generic/pgf\pgf.revision.tex)
Package: pgfrcs 2023-01-15 v3.1.10 (3.1.10)
))
(C:\Users\legoj\AppData\Local\Programs\MiKTeX\tex/generic/pgf/systemlayer\pgfsy
s.code.tex
Package: pgfsys 2023-01-15 v3.1.10 (3.1.10)

(C:\Users\legoj\AppData\Local\Programs\MiKTeX\tex/generic/pgf/utilities\pgfkeys
.code.tex
\pgfkeys@pathtoks=\toks33
\pgfkeys@temptoks=\toks34

(C:\Users\legoj\AppData\Local\Programs\MiKTeX\tex/generic/pgf/utilities\pgfkeys
libraryfiltered.code.tex
\pgfkeys@tmptoks=\toks35
))
\pgf@x=\dimen167
\pgf@y=\dimen168
\pgf@xa=\dimen169
\pgf@ya=\dimen170
\pgf@xb=\dimen171
\pgf@yb=\dimen172
\pgf@xc=\dimen173
\pgf@yc=\dimen174
\pgf@xd=\dimen175
\pgf@yd=\dimen176
\w@pgf@writea=\write5
\r@pgf@reada=\read2
\c@pgf@counta=\count294
\c@pgf@countb=\count295
\c@pgf@countc=\count296
\c@pgf@countd=\count297
\t@pgf@toka=\toks36
\t@pgf@tokb=\toks37
\t@pgf@tokc=\toks38
\pgf@sys@id@count=\count298

(C:\Users\legoj\AppData\Local\Programs\MiKTeX\tex/generic/pgf/systemlayer\pgf.c
fg
File: pgf.cfg 2023-01-15 v3.1.10 (3.1.10)
)
Driver file for pgf: pgfsys-pdftex.def

(C:\Users\legoj\AppData\Local\Programs\MiKTeX\tex/generic/pgf/systemlayer\pgfsy
s-pdftex.def
File: pgfsys-pdftex.def 2023-01-15 v3.1.10 (3.1.10)

(C:\Users\legoj\AppData\Local\Programs\MiKTeX\tex/generic/pgf/systemlayer\pgfsy
s-common-pdf.def
File: pgfsys-common-pdf.def 2023-01-15 v3.1.10 (3.1.10)
)))
(C:\Users\legoj\AppData\Local\Programs\MiKTeX\tex/generic/pgf/systemlayer\pgfsy
ssoftpath.code.tex
File: pgfsyssoftpath.code.tex 2023-01-15 v3.1.10 (3.1.10)
\pgfsyssoftpath@smallbuffer@items=\count299
\pgfsyssoftpath@bigbuffer@items=\count300
)
(C:\Users\legoj\AppData\Local\Programs\MiKTeX\tex/generic/pgf/systemlayer\pgfsy
sprotocol.code.tex
File: pgfsysprotocol.code.tex 2023-01-15 v3.1.10 (3.1.10)
))
(C:\Users\legoj\AppData\Local\Programs\MiKTeX\tex/latex/tools\verbatim.sty
Package: verbatim 2023-11-06 v1.5v LaTeX2e package for verbatim enhancements
\every@verbatim=\toks39
\verbatim@line=\toks40
\verbatim@in@stream=\read3
)
(C:\Users\legoj\AppData\Local\Programs\MiKTeX\tex/latex/enumitem\enumitem.sty
Package: enumitem 2019/06/20 v3.9 Customized lists
\labelindent=\skip136
\enit@outerparindent=\dimen177
\enit@toks=\toks41
\enit@inbox=\box67
\enit@count@id=\count301
\enitdp@description=\count302
)
(C:\Users\legoj\AppData\Local\Programs\MiKTeX\tex/latex/tools\indentfirst.sty
Package: indentfirst 2023/07/02 v1.03 Indent first paragraph (DPC)
)
(C:\Users\legoj\AppData\Local\Programs\MiKTeX\tex/latex/hyperref\hyperref.sty
Package: hyperref 2023-11-26 v7.01g Hypertext links for LaTeX

(C:\Users\legoj\AppData\Local\Programs\MiKTeX\tex/generic/pdfescape\pdfescape.s
ty
Package: pdfescape 2019/12/09 v1.15 Implements pdfTeX's escape features (HO)
) (C:\Users\legoj\AppData\Local\Programs\MiKTeX\tex/latex/hycolor\hycolor.sty
Package: hycolor 2020-01-27 v1.10 Color options for hyperref/bookmark (HO)
)
(C:\Users\legoj\AppData\Local\Programs\MiKTeX\tex/latex/letltxmacro\letltxmacro
.sty
Package: letltxmacro 2019/12/03 v1.6 Let assignment for LaTeX macros (HO)
)
(C:\Users\legoj\AppData\Local\Programs\MiKTeX\tex/latex/hyperref\nameref.sty
Package: nameref 2023-11-26 v2.56 Cross-referencing by name of section

(C:\Users\legoj\AppData\Local\Programs\MiKTeX\tex/latex/refcount\refcount.sty
Package: refcount 2019/12/15 v3.6 Data extraction from label references (HO)
)
(C:\Users\legoj\AppData\Local\Programs\MiKTeX\tex/generic/gettitlestring\gettit
lestring.sty
Package: gettitlestring 2019/12/15 v1.6 Cleanup title references (HO)
)
\c@section@level=\count303
)
\@linkdim=\dimen178
\Hy@linkcounter=\count304
\Hy@pagecounter=\count305

(C:\Users\legoj\AppData\Local\Programs\MiKTeX\tex/latex/hyperref\pd1enc.def
File: pd1enc.def 2023-11-26 v7.01g Hyperref: PDFDocEncoding definition (HO)
Now handling font encoding PD1 ...
... no UTF-8 mapping file for font encoding PD1
)
(C:\Users\legoj\AppData\Local\Programs\MiKTeX\tex/generic/intcalc\intcalc.sty
Package: intcalc 2019/12/15 v1.3 Expandable calculations with integers (HO)
)
\Hy@SavedSpaceFactor=\count306

(C:\Users\legoj\AppData\Local\Programs\MiKTeX\tex/latex/hyperref\puenc.def
File: puenc.def 2023-11-26 v7.01g Hyperref: PDF Unicode definition (HO)
Now handling font encoding PU ...
... no UTF-8 mapping file for font encoding PU
)
Package hyperref Info: Hyper figures OFF on input line 4181.
Package hyperref Info: Link nesting OFF on input line 4186.
Package hyperref Info: Hyper index ON on input line 4189.
Package hyperref Info: Plain pages OFF on input line 4196.
Package hyperref Info: Backreferencing OFF on input line 4201.
Package hyperref Info: Implicit mode ON; LaTeX internals redefined.
Package hyperref Info: Bookmarks ON on input line 4448.
\c@Hy@tempcnt=\count307

(C:\Users\legoj\AppData\Local\Programs\MiKTeX\tex/latex/url\url.sty
\Urlmuskip=\muskip17
Package: url 2013/09/16  ver 3.4  Verb mode for urls, etc.
)
LaTeX Info: Redefining \url on input line 4786.
\XeTeXLinkMargin=\dimen179

(C:\Users\legoj\AppData\Local\Programs\MiKTeX\tex/generic/bitset\bitset.sty
Package: bitset 2019/12/09 v1.3 Handle bit-vector datatype (HO)

(C:\Users\legoj\AppData\Local\Programs\MiKTeX\tex/generic/bigintcalc\bigintcalc
.sty
Package: bigintcalc 2019/12/15 v1.5 Expandable calculations on big integers (HO
)
))
\Fld@menulength=\count308
\Field@Width=\dimen180
\Fld@charsize=\dimen181
Package hyperref Info: Hyper figures OFF on input line 6065.
Package hyperref Info: Link nesting OFF on input line 6070.
Package hyperref Info: Hyper index ON on input line 6073.
Package hyperref Info: backreferencing OFF on input line 6080.
Package hyperref Info: Link coloring OFF on input line 6085.
Package hyperref Info: Link coloring with OCG OFF on input line 6090.
Package hyperref Info: PDF/A mode OFF on input line 6095.

(C:\Users\legoj\AppData\Local\Programs\MiKTeX\tex/latex/base\atbegshi-ltx.sty
Package: atbegshi-ltx 2021/01/10 v1.0c Emulation of the original atbegshi
package with kernel methods
)
\Hy@abspage=\count309
\c@Item=\count310
\c@Hfootnote=\count311
)
Package hyperref Info: Driver (autodetected): hpdftex.
(C:\Users\legoj\AppData\Local\Programs\MiKTeX\tex/latex/hyperref\hpdftex.def
File: hpdftex.def 2023-11-26 v7.01g Hyperref driver for pdfTeX

(C:\Users\legoj\AppData\Local\Programs\MiKTeX\tex/latex/base\atveryend-ltx.sty
Package: atveryend-ltx 2020/08/19 v1.0a Emulation of the original atveryend pac
kage
with kernel methods
)
\HyAnn@Count=\count312
\Fld@listcount=\count313
\c@bookmark@seq@number=\count314

(C:\Users\legoj\AppData\Local\Programs\MiKTeX\tex/latex/rerunfilecheck\rerunfil
echeck.sty
Package: rerunfilecheck 2022-07-10 v1.10 Rerun checks for auxiliary files (HO)

(C:\Users\legoj\AppData\Local\Programs\MiKTeX\tex/generic/uniquecounter\uniquec
ounter.sty
Package: uniquecounter 2019/12/15 v1.4 Provide unlimited unique counter (HO)
)
Package uniquecounter Info: New unique counter `rerunfilecheck' on input line 2
85.
)
\Hy@SectionHShift=\skip137
)
(C:\Users\legoj\AppData\Local\Programs\MiKTeX\tex/latex/base\inputenc.sty
Package: inputenc 2021/02/14 v1.3d Input encoding file
\inpenc@prehook=\toks42
\inpenc@posthook=\toks43
)
(C:\Users\legoj\AppData\Local\Programs\MiKTeX\tex/latex/float\float.sty
Package: float 2001/11/08 v1.3d Float enhancements (AL)
\c@float@type=\count315
\float@exts=\toks44
\float@box=\box68
\@float@everytoks=\toks45
\@floatcapt=\box69
)
(C:\Users\legoj\AppData\Local\Programs\MiKTeX\tex/latex/subfig\subfig.sty
Package: subfig 2005/06/28 ver: 1.3 subfig package

(C:\Users\legoj\AppData\Local\Programs\MiKTeX\tex/latex/caption\caption.sty
Package: caption 2023/08/05 v3.6o Customizing captions (AR)

(C:\Users\legoj\AppData\Local\Programs\MiKTeX\tex/latex/caption\caption3.sty
Package: caption3 2023/07/31 v2.4d caption3 kernel (AR)
\caption@tempdima=\dimen182
\captionmargin=\dimen183
\caption@leftmargin=\dimen184
\caption@rightmargin=\dimen185
\caption@width=\dimen186
\caption@indent=\dimen187
\caption@parindent=\dimen188
\caption@hangindent=\dimen189
Package caption Info: elsarticle document class detected.

(C:\Users\legoj\AppData\Local\Programs\MiKTeX\tex/latex/caption\caption-elsarti
cle.sto
File: caption-elsarticle.sto 2020/08/22 v2.0 Adaption of the caption package to
 the elsarticle document class (AR)
))
\c@caption@flags=\count316
\c@continuedfloat=\count317
Package caption Info: float package is loaded.
Package caption Info: hyperref package is loaded.
)
\c@KVtest=\count318
\sf@farskip=\skip138
\sf@captopadj=\dimen190
\sf@capskip=\skip139
\sf@nearskip=\skip140
\c@subfigure=\count319
\c@subfigure@save=\count320
\c@lofdepth=\count321
\c@subtable=\count322
\c@subtable@save=\count323
\c@lotdepth=\count324
\sf@top=\skip141
\sf@bottom=\skip142
)
(C:\Users\legoj\AppData\Local\Programs\MiKTeX\tex/latex/base\fontenc.sty
Package: fontenc 2021/04/29 v2.0v Standard LaTeX package
)
Package hyperref Info: Option `colorlinks' set `true' on input line 26.

(Main.aux)
\openout1 = `Main.aux'.

LaTeX Font Info:    Checking defaults for OML/cmm/m/it on input line 36.
LaTeX Font Info:    ... okay on input line 36.
LaTeX Font Info:    Checking defaults for OMS/cmsy/m/n on input line 36.
LaTeX Font Info:    ... okay on input line 36.
LaTeX Font Info:    Checking defaults for OT1/cmr/m/n on input line 36.
LaTeX Font Info:    ... okay on input line 36.
LaTeX Font Info:    Checking defaults for T1/cmr/m/n on input line 36.
LaTeX Font Info:    ... okay on input line 36.
LaTeX Font Info:    Checking defaults for TS1/cmr/m/n on input line 36.
LaTeX Font Info:    ... okay on input line 36.
LaTeX Font Info:    Checking defaults for OMX/cmex/m/n on input line 36.
LaTeX Font Info:    ... okay on input line 36.
LaTeX Font Info:    Checking defaults for U/cmr/m/n on input line 36.
LaTeX Font Info:    ... okay on input line 36.
LaTeX Font Info:    Checking defaults for PD1/pdf/m/n on input line 36.
LaTeX Font Info:    ... okay on input line 36.
LaTeX Font Info:    Checking defaults for PU/pdf/m/n on input line 36.
LaTeX Font Info:    ... okay on input line 36.

(C:\Users\legoj\AppData\Local\Programs\MiKTeX\tex/context/base/mkii\supp-pdf.mk
ii
[Loading MPS to PDF converter (version 2006.09.02).]
\scratchcounter=\count325
\scratchdimen=\dimen191
\scratchbox=\box70
\nofMPsegments=\count326
\nofMParguments=\count327
\everyMPshowfont=\toks46
\MPscratchCnt=\count328
\MPscratchDim=\dimen192
\MPnumerator=\count329
\makeMPintoPDFobject=\count330
\everyMPtoPDFconversion=\toks47
)
(C:\Users\legoj\AppData\Local\Programs\MiKTeX\tex/latex/epstopdf-pkg\epstopdf-b
ase.sty
Package: epstopdf-base 2020-01-24 v2.11 Base part for package epstopdf

(C:\Users\legoj\AppData\Local\Programs\MiKTeX\tex/latex/grfext\grfext.sty
Package: grfext 2019/12/03 v1.3 Manage graphics extensions (HO)
)
Package epstopdf-base Info: Redefining graphics rule for `.eps' on input line 4
85.
Package grfext Info: Graphics extension search list:
(grfext)             [.pdf,.png,.jpg,.mps,.jpeg,.jbig2,.jb2,.PDF,.PNG,.JPG,.JPE
G,.JBIG2,.JB2,.eps]
(grfext)             \AppendGraphicsExtensions on input line 504.

(C:\Users\legoj\AppData\Local\Programs\MiKTeX\tex/latex/00miktex\epstopdf-sys.c
fg
File: epstopdf-sys.cfg 2021/03/18 v2.0 Configuration of epstopdf for MiKTeX
))
*geometry* driver: auto-detecting
*geometry* detected driver: pdftex
*geometry* verbose mode - [ preamble ] result:
* driver: pdftex
* paper: <default>
* layout: <same size as paper>
* layoutoffset:(h,v)=(0.0pt,0.0pt)
* modes: 
* h-part:(L,W,R)=(72.26999pt, 469.75502pt, 72.26999pt)
* v-part:(T,H,B)=(72.26999pt, 650.43001pt, 72.26999pt)
* \paperwidth=614.295pt
* \paperheight=794.96999pt
* \textwidth=469.75502pt
* \textheight=650.43001pt
* \oddsidemargin=0.0pt
* \evensidemargin=0.0pt
* \topmargin=-37.0pt
* \headheight=12.0pt
* \headsep=25.0pt
* \topskip=12.0pt
* \footskip=30.0pt
* \marginparwidth=44.0pt
* \marginparsep=10.0pt
* \columnsep=10.0pt
* \skip\footins=24.0pt
* \hoffset=0.0pt
* \voffset=0.0pt
* \mag=1000
* \@twocolumnfalse
* \@twosidefalse
* \@mparswitchfalse
* \@reversemarginfalse
* (1in=72.27pt=25.4mm, 1cm=28.453pt)

Package hyperref Info: Link coloring ON on input line 36.
(Main.out) (Main.out)
\@outlinefile=\write6
\openout6 = `Main.out'.

Package caption Info: Begin \AtBeginDocument code.
Package caption Info: subfig package v1.3 is loaded.
Package caption Info: End \AtBeginDocument code.
 (abstract.tex)
LaTeX Font Info:    Trying to load font information for U+msa on input line 47.


(C:\Users\legoj\AppData\Local\Programs\MiKTeX\tex/latex/amsfonts\umsa.fd
File: umsa.fd 2013/01/14 v3.01 AMS symbols A
)
LaTeX Font Info:    Trying to load font information for U+msb on input line 47.


(C:\Users\legoj\AppData\Local\Programs\MiKTeX\tex/latex/amsfonts\umsb.fd
File: umsb.fd 2013/01/14 v3.01 AMS symbols B
)
(Intro.tex
Overfull \hbox (2.61049pt too wide) has occurred while \output is active
[] 
 []

[1


{C:/Users/legoj/AppData/Local/MiKTeX/fonts/map/pdftex/pdftex.map}] [2]
<geometry_figures/params.png, id=129, 493.6041pt x 331.4784pt>
File: geometry_figures/params.png Graphic file (type png)
<use geometry_figures/params.png>
Package pdftex.def Info: geometry_figures/params.png  used on input line 55.
(pdftex.def)             Requested size: 234.8775pt x 157.73206pt.
<geometry_figures/Ellipse.png, id=131, 483.9681pt x 430.0065pt>
File: geometry_figures/Ellipse.png Graphic file (type png)
<use geometry_figures/Ellipse.png>
Package pdftex.def Info: geometry_figures/Ellipse.png  used on input line 57.
(pdftex.def)             Requested size: 234.8775pt x 208.69069pt.
)
[3] [4 <./geometry_figures/params.png> <./geometry_figures/Ellipse.png>]
(Methods.tex

Package caption Warning: \label without proper reference on input line 12.
See the caption package documentation for explanation.


LaTeX Warning: Reference `fig:f3d_mesh' on page 5 undefined on input line 5.


LaTeX Warning: Reference `fig:f3d_abq_flow' on page 5 undefined on input line 5
.

<geometry_figures/f3d_crack.png, id=160, 476.5002pt x 330.7557pt>
File: geometry_figures/f3d_crack.png Graphic file (type png)
<use geometry_figures/f3d_crack.png>
Package pdftex.def Info: geometry_figures/f3d_crack.png  used on input line 11.

(pdftex.def)             Requested size: 375.80544pt x 260.87523pt.
[5 <./geometry_figures/f3d_crack.png>]

Package natbib Warning: Citation `Karl' on page 6 undefined on input line 33.


Package natbib Warning: Citation `Hongsup' on page 6 undefined on input line 33
.


Package caption Warning: \label without proper reference on input line 38.
See the caption package documentation for explanation.


LaTeX Warning: Reference `fig:agraph' on page 6 undefined on input line 33.

<geometry_figures/agraph.png, id=177, 570.2103pt x 364.7226pt>
File: geometry_figures/agraph.png Graphic file (type png)
<use geometry_figures/agraph.png>
Package pdftex.def Info: geometry_figures/agraph.png  used on input line 37.
(pdftex.def)             Requested size: 281.85587pt x 180.28502pt.
<geometry_figures/agraph-crossover.png, id=178, 570.4512pt x 389.5353pt>
File: geometry_figures/agraph-crossover.png Graphic file (type png)
<use geometry_figures/agraph-crossover.png>
Package pdftex.def Info: geometry_figures/agraph-crossover.png  used on input l
ine 48.
(pdftex.def)             Requested size: 375.80544pt x 256.62451pt.
<geometry_figures/agraph-mutation.png, id=179, 570.4512pt x 179.7114pt>
File: geometry_figures/agraph-mutation.png Graphic file (type png)
<use geometry_figures/agraph-mutation.png>
Package pdftex.def Info: geometry_figures/agraph-mutation.png  used on input li
ne 54.
(pdftex.def)             Requested size: 375.80544pt x 118.39323pt.

Package caption Warning: \label without proper reference on input line 70.
See the caption package documentation for explanation.


LaTeX Warning: Reference `fig:perato-front' on page 6 undefined on input line 6
5.


Package caption Warning: \label without proper reference on input line 70.
See the caption package documentation for explanation.


LaTeX Warning: Reference `fig:perato-front' on page 6 undefined on input line 6
5.

[6 <./geometry_figures/agraph.png>] [7 <./geometry_figures/agraph-crossover.png
> <./geometry_figures/agraph-mutation.png>]
<Figures/dummy_pareto_front.png, id=202, 462.528pt x 346.896pt>
File: Figures/dummy_pareto_front.png Graphic file (type png)
<use Figures/dummy_pareto_front.png>
Package pdftex.def Info: Figures/dummy_pareto_front.png  used on input line 69.

(pdftex.def)             Requested size: 281.85587pt x 211.39981pt.
) (Numerical Experiments.tex
<geometry_figures/BCs.png, id=209, 423.5022pt x 444.7014pt>
File: geometry_figures/BCs.png Graphic file (type png)
<use geometry_figures/BCs.png>
Package pdftex.def Info: geometry_figures/BCs.png  used on input line 11.
(pdftex.def)             Requested size: 281.85587pt x 295.96022pt.
<geometry_figures/Geom.png, id=210, 570.2103pt x 1170.2922pt>
File: geometry_figures/Geom.png Graphic file (type png)
<use geometry_figures/Geom.png>
Package pdftex.def Info: geometry_figures/Geom.png  used on input line 13.
(pdftex.def)             Requested size: 140.92793pt x 289.23303pt.
<Figures/h_convergence.png, id=211, 433.62pt x 289.08pt>
File: Figures/h_convergence.png Graphic file (type png)
<use Figures/h_convergence.png>
Package pdftex.def Info: Figures/h_convergence.png  used on input line 22.
(pdftex.def)             Requested size: 211.38832pt x 140.92703pt.
<Figures/cb_convergence.png, id=212, 433.62pt x 289.08pt>
File: Figures/cb_convergence.png Graphic file (type png)
<use Figures/cb_convergence.png>
Package pdftex.def Info: Figures/cb_convergence.png  used on input line 24.
(pdftex.def)             Requested size: 211.38832pt x 140.92703pt.


LaTeX Warning: No positions in optional float specifier.
               Default added (so using `tbp') on input line 29.


LaTeX Warning: Reference `fig:f3d_crack' on page 8 undefined on input line 44.


Package caption Warning: \label without proper reference on input line 49.
See the caption package documentation for explanation.


LaTeX Warning: Reference `fig:crack_mesh_convergence' on page 8 undefined on in
put line 44.

[8 <./Figures/dummy_pareto_front.png>] [9 <./geometry_figures/BCs.png> <./geome
try_figures/Geom.png> <./Figures/h_convergence.png> <./Figures/cb_convergence.p
ng>]
<Figures_pdf/numerical_noise.pdf, id=234, 427.59602pt x 174.23235pt>
File: Figures_pdf/numerical_noise.pdf Graphic file (type pdf)
<use Figures_pdf/numerical_noise.pdf>
Package pdftex.def Info: Figures_pdf/numerical_noise.pdf  used on input line 48
.
(pdftex.def)             Requested size: 469.75502pt x 191.40892pt.


LaTeX Warning: No positions in optional float specifier.
               Default added (so using `tbp') on input line 56.


Package caption Warning: \label without proper reference on input line 80.
See the caption package documentation for explanation.


LaTeX Warning: Reference `fig:selected_sifs' on page 10 undefined on input line
 75.

<Figures_pdf/K_data.pdf, id=238, 1016.04532pt x 587.65495pt>
File: Figures_pdf/K_data.pdf Graphic file (type pdf)
<use Figures_pdf/K_data.pdf>
Package pdftex.def Info: Figures_pdf/K_data.pdf  used on input line 79.
(pdftex.def)             Requested size: 469.75502pt x 271.69649pt.
[10 <./Figures_pdf/numerical_noise.pdf>] [11 <./Figures_pdf/K_data.pdf>]

LaTeX Warning: Reference `eqn:RN_M1 - eqn:RN_g' on page 12 undefined on input l
ine 101.


Package caption Warning: \label without proper reference on input line 108.
See the caption package documentation for explanation.


LaTeX Warning: Reference `fig:fw_convergence' on page 12 undefined on input lin
e 103.

<Figures_pdf/fw_convergence.pdf, id=296, 406.37096pt x 315.27179pt>
File: Figures_pdf/fw_convergence.pdf Graphic file (type pdf)
<use Figures_pdf/fw_convergence.pdf>
Package pdftex.def Info: Figures_pdf/fw_convergence.pdf  used on input line 107
.
(pdftex.def)             Requested size: 469.75502pt x 364.46956pt.
[12] [13 <./Figures_pdf/fw_convergence.pdf>]

LaTeX Warning: Reference `eqn:K_embedded_ellipse, eqn:fw_parameter_def, eqn:M_p
arameter_def' on page 14 undefined on input line 139.


LaTeX Warning: Reference `eqn:fw_parameter_def, eqn:M_parameter_def, eqn:g_para
meter_def' on page 14 undefined on input line 151.


Package caption Warning: \label without proper reference on input line 156.
See the caption package documentation for explanation.


LaTeX Warning: Reference `fig:training_models_3d' on page 14 undefined on input
 line 151.

<Figures_pdf/training_slices.pdf, id=343, 295.66338pt x 288.7794pt>
File: Figures_pdf/training_slices.pdf Graphic file (type pdf)
<use Figures_pdf/training_slices.pdf>
Package pdftex.def Info: Figures_pdf/training_slices.pdf  used on input line 15
5.
(pdftex.def)             Requested size: 469.75502pt x 458.82658pt.

Package natbib Warning: Citation `Hongsup' on page 14 undefined on input line 1
61.


Package natbib Warning: Citation `Karl' on page 14 undefined on input line 161.


[14] [15 <./Figures_pdf/training_slices.pdf>]

Package natbib Warning: Citation `donovan' on page 16 undefined on input line 1
65.


Package caption Warning: \label without proper reference on input line 172.
See the caption package documentation for explanation.


LaTeX Warning: Reference `fig:training_flow' on page 16 undefined on input line
 167.

<geometry_figures/training_flow.png, id=370, 557.4426pt x 526.1256pt>
File: geometry_figures/training_flow.png Graphic file (type png)
<use geometry_figures/training_flow.png>
Package pdftex.def Info: geometry_figures/training_flow.png  used on input line
 171.
(pdftex.def)             Requested size: 469.75502pt x 443.36345pt.
) (Results.tex [16] [17 <./geometry_figures/training_flow.png>] [18]

Package caption Warning: \label without proper reference on input line 58.
See the caption package documentation for explanation.


LaTeX Warning: Reference `fig:perato_front' on page 19 undefined on input line 
45.

<Figures_pdf/kde.pdf, id=404, 416.8153pt x 313.93843pt>
File: Figures_pdf/kde.pdf Graphic file (type pdf)
<use Figures_pdf/kde.pdf>
Package pdftex.def Info: Figures_pdf/kde.pdf  used on input line 48.
(pdftex.def)             Requested size: 211.38832pt x 159.2107pt.
<Figures/parity_plot.png, id=405, 462.528pt x 346.896pt>
File: Figures/parity_plot.png Graphic file (type png)
<use Figures/parity_plot.png>
Package pdftex.def Info: Figures/parity_plot.png  used on input line 50.
(pdftex.def)             Requested size: 211.38832pt x 158.54192pt.
<Figures_pdf/Pareto_fronts.pdf, id=406, 426.98563pt x 352.22006pt>
File: Figures_pdf/Pareto_fronts.pdf Graphic file (type pdf)
<use Figures_pdf/Pareto_fronts.pdf>
Package pdftex.def Info: Figures_pdf/Pareto_fronts.pdf  used on input line 57.
(pdftex.def)             Requested size: 469.75502pt x 387.51314pt.
<Figures_pdf/kde_combo.pdf, id=407, 422.69022pt x 313.93843pt>
File: Figures_pdf/kde_combo.pdf Graphic file (type pdf)
<use Figures_pdf/kde_combo.pdf>
Package pdftex.def Info: Figures_pdf/kde_combo.pdf  used on input line 64.
(pdftex.def)             Requested size: 211.38832pt x 156.99757pt.
<Figures/parity_plot_everything.png, id=408, 462.528pt x 346.896pt>
File: Figures/parity_plot_everything.png Graphic file (type png)
<use Figures/parity_plot_everything.png>
Package pdftex.def Info: Figures/parity_plot_everything.png  used on input line
 66.
(pdftex.def)             Requested size: 211.38832pt x 158.54192pt.

Package caption Warning: \label without proper reference on input line 108.
See the caption package documentation for explanation.


LaTeX Warning: Reference `fig:perato_front_everything' on page 19 undefined on 
input line 72.


Overfull \hbox (26.83939pt too wide) detected at line 92
[][][][]
 []


Overfull \hbox (154.86305pt too wide) detected at line 102
[][][][]
 []

[19 <./Figures_pdf/kde.pdf> <./Figures/parity_plot.png>] [20 <./Figures_pdf/Par
eto_fronts.pdf>]
<Figures_pdf/Pareto_fronts_combo.pdf, id=462, 427.25963pt x 318.10506pt>
File: Figures_pdf/Pareto_fronts_combo.pdf Graphic file (type pdf)
<use Figures_pdf/Pareto_fronts_combo.pdf>
Package pdftex.def Info: Figures_pdf/Pareto_fronts_combo.pdf  used on input lin
e 107.
(pdftex.def)             Requested size: 469.75502pt x 349.74675pt.


Package caption Warning: \label without proper reference on input line 108.
See the caption package documentation for explanation.


LaTeX Warning: Reference `fig:perato_front_everything' on page 21 undefined on 
input line 113.

<Figures_pdf/Pareto_fronts_everything.pdf, id=464, 432.86053pt x 291.95056pt>
File: Figures_pdf/Pareto_fronts_everything.pdf Graphic file (type pdf)
<use Figures_pdf/Pareto_fronts_everything.pdf>
Package pdftex.def Info: Figures_pdf/Pareto_fronts_everything.pdf  used on inpu
t line 117.
(pdftex.def)             Requested size: 469.75502pt x 316.84326pt.
<Figures_pdf/K_data_with_bingo.pdf, id=465, 1016.04532pt x 587.65495pt>
File: Figures_pdf/K_data_with_bingo.pdf Graphic file (type pdf)
<use Figures_pdf/K_data_with_bingo.pdf>
Package pdftex.def Info: Figures_pdf/K_data_with_bingo.pdf  used on input line 
124.
(pdftex.def)             Requested size: 469.75502pt x 271.69649pt.
) (Discussion.tex

Package caption Warning: \label without proper reference on input line 58.
See the caption package documentation for explanation.


LaTeX Warning: Reference `fig:perato_front' on page 21 undefined on input line 
8.


Package caption Warning: \label without proper reference on input line 108.
See the caption package documentation for explanation.


LaTeX Warning: Reference `fig:perato_front_everything' on page 21 undefined on 
input line 8.


LaTeX Warning: Reference `fig:perato_front_everything_ant_more' on page 21 unde
fined on input line 8.


Package caption Warning: \label without proper reference on input line 108.
See the caption package documentation for explanation.


LaTeX Warning: Reference `fig:perato_front_everything' on page 21 undefined on 
input line 10.


Package caption Warning: \label without proper reference on input line 58.
See the caption package documentation for explanation.


LaTeX Warning: Reference `fig:perato_front' on page 21 undefined on input line 
10.

[21 <./Figures_pdf/kde_combo.pdf> <./Figures/parity_plot_everything.png>]
[22 <./Figures_pdf/Pareto_fronts_combo.pdf>] [23 <./Figures_pdf/Pareto_fronts_e
verything.pdf>] [24 <./Figures_pdf/K_data_with_bingo.pdf>]

Package natbib Warning: Citation `Tushar' on page 25 undefined on input line 23
.


Package caption Warning: \label without proper reference on input line 27.
See the caption package documentation for explanation.


LaTeX Warning: Reference `fig:bingo_ml_comp' on page 25 undefined on input line
 23.


Package natbib Warning: Citation `Tushar' on page 25 undefined on input line 23
.


Package natbib Warning: Citation `tushar' on page 25 undefined on input line 23
.


Package caption Warning: \label without proper reference on input line 27.
See the caption package documentation for explanation.


LaTeX Warning: Reference `fig:bingo_ml_comp' on page 25 undefined on input line
 23.

<Figures_pdf/bingo_ml_comp.pdf, id=555, 505.12454pt x 386.21594pt>
File: Figures_pdf/bingo_ml_comp.pdf Graphic file (type pdf)
<use Figures_pdf/bingo_ml_comp.pdf>
Package pdftex.def Info: Figures_pdf/bingo_ml_comp.pdf  used on input line 26.
(pdftex.def)             Requested size: 469.75502pt x 359.1889pt.
) (Conclusion.tex) (Main.bbl [25] [26 <./Figures_pdf/bingo_ml_comp.pdf>]
[27]) [28]

Package natbib Warning: There were undefined citations.

(Main.aux)
 ***********
LaTeX2e <2023-11-01>
L3 programming layer <2024-01-04>
 ***********


LaTeX Warning: There were undefined references.

Package rerunfilecheck Info: File `Main.out' has not changed.
(rerunfilecheck)             Checksum: 76E9EED319FC72FEB615691F728CF82C;2143.
 ) 
Here is how much of TeX's memory you used:
 17295 strings out of 474486
 298731 string characters out of 5743755
 1946528 words of memory out of 5000000
 39126 multiletter control sequences out of 15000+600000
 571918 words of font info for 72 fonts, out of 8000000 for 9000
 1141 hyphenation exceptions out of 8191
 94i,12n,93p,1592b,624s stack positions out of 10000i,1000n,20000p,200000b,200000s
 <C:\Users\legoj\AppData\Local\MiKTeX\fonts/pk/ljfour/jknappen/ec/dpi600\ecrm
1000.pk> <C:\Users\legoj\AppData\Local\MiKTeX\fonts/pk/ljfour/jknappen/ec/dpi60
0\ecti1000.pk> <C:\Users\legoj\AppData\Local\MiKTeX\fonts/pk/ljfour/jknappen/ec
/dpi600\ecti1200.pk> <C:\Users\legoj\AppData\Local\MiKTeX\fonts/pk/ljfour/jknap
pen/ec/dpi600\ecrm1200.pk> <C:\Users\legoj\AppData\Local\MiKTeX\fonts/pk/ljfour
/jknappen/ec/dpi600\ecbx1200.pk><C:/Users/legoj/AppData/Local/Programs/MiKTeX/f
onts/type1/public/amsfonts/cm/cmex10.pfb><C:/Users/legoj/AppData/Local/Programs
/MiKTeX/fonts/type1/public/amsfonts/cmextra/cmex8.pfb><C:/Users/legoj/AppData/L
ocal/Programs/MiKTeX/fonts/type1/public/amsfonts/cm/cmmi10.pfb><C:/Users/legoj/
AppData/Local/Programs/MiKTeX/fonts/type1/public/amsfonts/cm/cmmi12.pfb><C:/Use
rs/legoj/AppData/Local/Programs/MiKTeX/fonts/type1/public/amsfonts/cm/cmmi6.pfb
><C:/Users/legoj/AppData/Local/Programs/MiKTeX/fonts/type1/public/amsfonts/cm/c
mmi7.pfb><C:/Users/legoj/AppData/Local/Programs/MiKTeX/fonts/type1/public/amsfo
nts/cm/cmmi8.pfb><C:/Users/legoj/AppData/Local/Programs/MiKTeX/fonts/type1/publ
ic/amsfonts/cm/cmmi9.pfb><C:/Users/legoj/AppData/Local/Programs/MiKTeX/fonts/ty
pe1/public/amsfonts/cm/cmr10.pfb><C:/Users/legoj/AppData/Local/Programs/MiKTeX/
fonts/type1/public/amsfonts/cm/cmr12.pfb><C:/Users/legoj/AppData/Local/Programs
/MiKTeX/fonts/type1/public/amsfonts/cm/cmr17.pfb><C:/Users/legoj/AppData/Local/
Programs/MiKTeX/fonts/type1/public/amsfonts/cm/cmr6.pfb><C:/Users/legoj/AppData
/Local/Programs/MiKTeX/fonts/type1/public/amsfonts/cm/cmr7.pfb><C:/Users/legoj/
AppData/Local/Programs/MiKTeX/fonts/type1/public/amsfonts/cm/cmr8.pfb><C:/Users
/legoj/AppData/Local/Programs/MiKTeX/fonts/type1/public/amsfonts/cm/cmr9.pfb><C
:/Users/legoj/AppData/Local/Programs/MiKTeX/fonts/type1/public/amsfonts/cm/cmsy
10.pfb><C:/Users/legoj/AppData/Local/Programs/MiKTeX/fonts/type1/public/amsfont
s/cm/cmsy6.pfb><C:/Users/legoj/AppData/Local/Programs/MiKTeX/fonts/type1/public
/amsfonts/cm/cmsy8.pfb>
Output written on Main.pdf (28 pages, 2365285 bytes).
PDF statistics:
 945 PDF objects out of 1000 (max. 8388607)
 121 named destinations out of 1000 (max. 500000)
 250 words of extra memory for PDF output out of 10000 (max. 10000000)

